2021-04-30T03:51:37+00:00 CRITICAL syntax error, unexpected 'là' (T_STRING), expecting ';' or ',' in E:\Xampp\htdocs\wordpress\wp-content\themes\hosco\functions.php on line 325

2021-04-30T04:55:04+00:00 CRITICAL Uncaught Error: Call to a member function have_posts() on null in E:\Xampp\htdocs\wordpress\wp-content\themes\hosco\product-giaiphap.php:8
Stack trace:
#0 E:\Xampp\htdocs\wordpress\wp-includes\template.php(732): require()
#1 E:\Xampp\htdocs\wordpress\wp-includes\template.php(676): load_template('E:\\Xampp\\htdocs...', false, Array)
#2 E:\Xampp\htdocs\wordpress\wp-includes\general-template.php(204): locate_template(Array, true, false, Array)
#3 E:\Xampp\htdocs\wordpress\wp-content\themes\hosco\content.php(121): get_template_part('product-giaipha...')
#4 E:\Xampp\htdocs\wordpress\wp-includes\template.php(732): require('E:\\Xampp\\htdocs...')
#5 E:\Xampp\htdocs\wordpress\wp-includes\template.php(676): load_template('E:\\Xampp\\htdocs...', false, Array)
#6 E:\Xampp\htdocs\wordpress\wp-includes\general-template.php(204): locate_template(Array, true, false, Array)
#7 E:\Xampp\htdocs\wordpress\wp-content\themes\hosco\index.php(1): get_template_part('content')
#8 E:\Xampp\htdocs\wordpress\wp-includes\template-loader. in E:\Xampp\htdocs\wordpress\wp-content\themes\hosco\product-giaiphap.php on line 8

2021-04-30T04:55:05+00:00 CRITICAL Uncaught Error: Call to a member function have_posts() on null in E:\Xampp\htdocs\wordpress\wp-content\themes\hosco\product-giaiphap.php:8
Stack trace:
#0 E:\Xampp\htdocs\wordpress\wp-includes\template.php(732): require()
#1 E:\Xampp\htdocs\wordpress\wp-includes\template.php(676): load_template('E:\\Xampp\\htdocs...', false, Array)
#2 E:\Xampp\htdocs\wordpress\wp-includes\general-template.php(204): locate_template(Array, true, false, Array)
#3 E:\Xampp\htdocs\wordpress\wp-content\themes\hosco\content.php(121): get_template_part('product-giaipha...')
#4 E:\Xampp\htdocs\wordpress\wp-includes\template.php(732): require('E:\\Xampp\\htdocs...')
#5 E:\Xampp\htdocs\wordpress\wp-includes\template.php(676): load_template('E:\\Xampp\\htdocs...', false, Array)
#6 E:\Xampp\htdocs\wordpress\wp-includes\general-template.php(204): locate_template(Array, true, false, Array)
#7 E:\Xampp\htdocs\wordpress\wp-content\themes\hosco\index.php(1): get_template_part('content')
#8 E:\Xampp\htdocs\wordpress\wp-includes\template-loader. in E:\Xampp\htdocs\wordpress\wp-content\themes\hosco\product-giaiphap.php on line 8

